Building DAG of jobs...
Using shell: /usr/bin/bash
Provided cores: 2
Rules claiming more threads will be scaled down.
Job stats:
job        count
-------  -------
all            1
fastqc         1
multiqc        1
total          3

Select jobs to execute...

[Tue Jun 30 16:50:11 2026]
rule fastqc:
    input: data/SRR390728_1.fastq, data/SRR390728_2.fastq
    output: results/SRR390728_1_fastqc.html, results/SRR390728_1_fastqc.zip, results/SRR390728_2_fastqc.html, results/SRR390728_2_fastqc.zip
    jobid: 2
    reason: Missing output files: results/SRR390728_1_fastqc.html, results/SRR390728_2_fastqc.html
    resources: tmpdir=/tmp

[Tue Jun 30 16:52:20 2026]
Finished job 2.
1 of 3 steps (33%) done
Select jobs to execute...

[Tue Jun 30 16:52:20 2026]
rule multiqc:
    input: results/SRR390728_1_fastqc.html, results/SRR390728_2_fastqc.html
    output: results/multiqc_report.html
    jobid: 1
    reason: Missing output files: results/multiqc_report.html; Input files updated by another job: results/SRR390728_2_fastqc.html, results/SRR390728_1_fastqc.html
    resources: tmpdir=/tmp

[Tue Jun 30 16:52:25 2026]
Finished job 1.
2 of 3 steps (67%) done
Select jobs to execute...

[Tue Jun 30 16:52:25 2026]
localrule all:
    input: results/multiqc_report.html
    jobid: 0
    reason: Input files updated by another job: results/multiqc_report.html
    resources: tmpdir=/tmp

[Tue Jun 30 16:52:25 2026]
Finished job 0.
3 of 3 steps (100%) done
Complete log: .snakemake/log/2026-06-30T165009.741741.snakemake.log
